<?xml version="1.0" encoding="UTF-8"?>
<!-- Generated by org.testng.reporters.JUnitReportReporter -->
<testsuite hostname="DELL-PC" failures="0" tests="1" name="demo.test1" time="23.479" errors="0" timestamp="2021-07-21T00:53:26 IST" skipped="0">
  <testcase classname="demo.test1" name="m1" time="23.479"/>
  <system-out/>
</testsuite> <!-- demo.test1 -->
